2024-11-18T09:00:56.019-03:00  INFO 16600 --- [jpa] [main] com.bookstore.jpa.JpaApplication         : Starting JpaApplication using Java 23 with PID 16600 (E:\PROJETOS JAVA\jpa\jpa\target\classes started by iosfa in E:\PROJETOS JAVA\jpa)
2024-11-18T09:00:56.237-03:00  INFO 16600 --- [jpa] [main] com.bookstore.jpa.JpaApplication         : No active profile set, falling back to 1 default profile: "default"
2024-11-18T09:00:59.151-03:00  INFO 16600 --- [jpa] [main] .s.d.r.c.RepositoryConfigurationDelegate : Bootstrapping Spring Data JPA repositories in DEFAULT mode.
2024-11-18T09:00:59.262-03:00  INFO 16600 --- [jpa] [main] .s.d.r.c.RepositoryConfigurationDelegate : Finished Spring Data repository scanning in 100 ms. Found 4 JPA repository interfaces.
2024-11-18T09:00:59.645-03:00  INFO 16600 --- [jpa] [main] o.s.cloud.context.scope.GenericScope     : BeanFactory id=94de89f8-da8e-3a20-bb82-58929762958f
2024-11-18T09:01:00.694-03:00  INFO 16600 --- [jpa] [main] o.s.b.w.embedded.tomcat.TomcatWebServer  : Tomcat initialized with port 8080 (http)
2024-11-18T09:01:00.714-03:00  INFO 16600 --- [jpa] [main] o.apache.catalina.core.StandardService   : Starting service [Tomcat]
2024-11-18T09:01:00.714-03:00  INFO 16600 --- [jpa] [main] o.apache.catalina.core.StandardEngine    : Starting Servlet engine: [Apache Tomcat/10.1.30]
2024-11-18T09:01:01.007-03:00  INFO 16600 --- [jpa] [main] o.a.c.c.C.[.[localhost].[/bookstore]     : Initializing Spring embedded WebApplicationContext
2024-11-18T09:01:01.008-03:00  INFO 16600 --- [jpa] [main] w.s.c.ServletWebServerApplicationContext : Root WebApplicationContext: initialization completed in 4477 ms
2024-11-18T09:01:01.884-03:00  INFO 16600 --- [jpa] [main] o.hibernate.jpa.internal.util.LogHelper  : HHH000204: Processing PersistenceUnitInfo [name: default]
2024-11-18T09:01:02.104-03:00  INFO 16600 --- [jpa] [main] org.hibernate.Version                    : HHH000412: Hibernate ORM core version 6.5.3.Final
2024-11-18T09:01:02.185-03:00  INFO 16600 --- [jpa] [main] o.h.c.internal.RegionFactoryInitiator    : HHH000026: Second-level cache disabled
2024-11-18T09:01:03.174-03:00  INFO 16600 --- [jpa] [main] o.s.o.j.p.SpringPersistenceUnitInfo      : No LoadTimeWeaver setup: ignoring JPA class transformer
2024-11-18T09:01:03.255-03:00  INFO 16600 --- [jpa] [main] com.zaxxer.hikari.HikariDataSource       : HikariPool-1 - Starting...
2024-11-18T09:01:03.680-03:00  INFO 16600 --- [jpa] [main] com.zaxxer.hikari.pool.HikariPool        : HikariPool-1 - Added connection org.postgresql.jdbc.PgConnection@cdbe995
2024-11-18T09:01:03.682-03:00  INFO 16600 --- [jpa] [main] com.zaxxer.hikari.HikariDataSource       : HikariPool-1 - Start completed.
2024-11-18T09:01:06.442-03:00  INFO 16600 --- [jpa] [main] o.h.e.t.j.p.i.JtaPlatformInitiator       : HHH000489: No JTA platform available (set 'hibernate.transaction.jta.platform' to enable JTA platform integration)
2024-11-18T09:01:07.284-03:00  INFO 16600 --- [jpa] [main] j.LocalContainerEntityManagerFactoryBean : Initialized JPA EntityManagerFactory for persistence unit 'default'
2024-11-18T09:01:08.159-03:00  INFO 16600 --- [jpa] [main] o.s.d.j.r.query.QueryEnhancerFactory     : Hibernate is in classpath; If applicable, HQL parser will be used.
2024-11-18T09:01:09.887-03:00  WARN 16600 --- [jpa] [main] JpaBaseConfiguration$JpaWebConfiguration : spring.jpa.open-in-view is enabled by default. Therefore, database queries may be performed during view rendering. Explicitly configure spring.jpa.open-in-view to disable this warning
2024-11-18T09:01:11.413-03:00  INFO 16600 --- [jpa] [main] o.s.b.w.embedded.tomcat.TomcatWebServer  : Tomcat started on port 8080 (http) with context path '/bookstore'
2024-11-18T09:01:11.425-03:00  INFO 16600 --- [jpa] [main] com.bookstore.jpa.JpaApplication         : Started JpaApplication in 16.26 seconds (process running for 17.836)
2024-11-18T09:08:20.058-03:00  INFO 16600 --- [jpa] [http-nio-8080-exec-2] o.a.c.c.C.[.[localhost].[/bookstore]     : Initializing Spring DispatcherServlet 'dispatcherServlet'
2024-11-18T09:08:20.058-03:00  INFO 16600 --- [jpa] [http-nio-8080-exec-2] o.s.web.servlet.DispatcherServlet        : Initializing Servlet 'dispatcherServlet'
2024-11-18T09:08:20.059-03:00  INFO 16600 --- [jpa] [http-nio-8080-exec-2] o.s.web.servlet.DispatcherServlet        : Completed initialization in 1 ms
2024-11-18T10:02:05.466-03:00  WARN 16600 --- [jpa] [http-nio-8080-exec-6] .w.s.m.s.DefaultHandlerExceptionResolver : Resolved [org.springframework.web.method.annotation.MethodArgumentTypeMismatchException: Failed to convert value of type 'java.lang.String' to required type 'java.util.UUID'; Invalid UUID string: status&offset=0&limit=5]
2024-11-18T10:03:19.257-03:00  WARN 16600 --- [jpa] [http-nio-8080-exec-9] .w.s.m.s.DefaultHandlerExceptionResolver : Resolved [org.springframework.web.method.annotation.MethodArgumentTypeMismatchException: Failed to convert value of type 'java.lang.String' to required type 'java.util.UUID'; Invalid UUID string: status&offset=0&limit=10]
2024-11-18T10:03:32.193-03:00  WARN 16600 --- [jpa] [http-nio-8080-exec-7] .w.s.m.s.DefaultHandlerExceptionResolver : Resolved [org.springframework.web.method.annotation.MethodArgumentTypeMismatchException: Failed to convert value of type 'java.lang.String' to required type 'java.util.UUID'; Invalid UUID string: status&offset=0&limit=10]
2024-11-18T10:24:24.626-03:00  INFO 16600 --- [jpa] [SpringApplicationShutdownHook] j.LocalContainerEntityManagerFactoryBean : Closing JPA EntityManagerFactory for persistence unit 'default'
2024-11-18T10:24:24.632-03:00  INFO 16600 --- [jpa] [SpringApplicationShutdownHook] com.zaxxer.hikari.HikariDataSource       : HikariPool-1 - Shutdown initiated...
2024-11-18T10:24:24.641-03:00  INFO 16600 --- [jpa] [SpringApplicationShutdownHook] com.zaxxer.hikari.HikariDataSource       : HikariPool-1 - Shutdown completed.
2024-11-18T10:24:45.140-03:00  INFO 15224 --- [jpa] [main] com.bookstore.jpa.JpaApplication         : Starting JpaApplication using Java 23 with PID 15224 (E:\PROJETOS JAVA\jpa\jpa\target\classes started by iosfa in E:\PROJETOS JAVA\jpa)
2024-11-18T10:24:45.143-03:00  INFO 15224 --- [jpa] [main] com.bookstore.jpa.JpaApplication         : No active profile set, falling back to 1 default profile: "default"
2024-11-18T10:24:46.170-03:00  INFO 15224 --- [jpa] [main] .s.d.r.c.RepositoryConfigurationDelegate : Bootstrapping Spring Data JPA repositories in DEFAULT mode.
2024-11-18T10:24:46.254-03:00  INFO 15224 --- [jpa] [main] .s.d.r.c.RepositoryConfigurationDelegate : Finished Spring Data repository scanning in 75 ms. Found 4 JPA repository interfaces.
2024-11-18T10:24:46.516-03:00  INFO 15224 --- [jpa] [main] o.s.cloud.context.scope.GenericScope     : BeanFactory id=94de89f8-da8e-3a20-bb82-58929762958f
2024-11-18T10:24:46.993-03:00  INFO 15224 --- [jpa] [main] o.s.b.w.embedded.tomcat.TomcatWebServer  : Tomcat initialized with port 8080 (http)
2024-11-18T10:24:47.009-03:00  INFO 15224 --- [jpa] [main] o.apache.catalina.core.StandardService   : Starting service [Tomcat]
2024-11-18T10:24:47.010-03:00  INFO 15224 --- [jpa] [main] o.apache.catalina.core.StandardEngine    : Starting Servlet engine: [Apache Tomcat/10.1.30]
2024-11-18T10:24:47.085-03:00  INFO 15224 --- [jpa] [main] o.a.c.c.C.[.[localhost].[/bookstore]     : Initializing Spring embedded WebApplicationContext
2024-11-18T10:24:47.085-03:00  INFO 15224 --- [jpa] [main] w.s.c.ServletWebServerApplicationContext : Root WebApplicationContext: initialization completed in 1826 ms
2024-11-18T10:24:47.286-03:00  INFO 15224 --- [jpa] [main] o.hibernate.jpa.internal.util.LogHelper  : HHH000204: Processing PersistenceUnitInfo [name: default]
2024-11-18T10:24:47.347-03:00  INFO 15224 --- [jpa] [main] org.hibernate.Version                    : HHH000412: Hibernate ORM core version 6.5.3.Final
2024-11-18T10:24:47.388-03:00  INFO 15224 --- [jpa] [main] o.h.c.internal.RegionFactoryInitiator    : HHH000026: Second-level cache disabled
2024-11-18T10:24:47.707-03:00  INFO 15224 --- [jpa] [main] o.s.o.j.p.SpringPersistenceUnitInfo      : No LoadTimeWeaver setup: ignoring JPA class transformer
2024-11-18T10:24:47.739-03:00  INFO 15224 --- [jpa] [main] com.zaxxer.hikari.HikariDataSource       : HikariPool-1 - Starting...
2024-11-18T10:24:47.942-03:00  INFO 15224 --- [jpa] [main] com.zaxxer.hikari.pool.HikariPool        : HikariPool-1 - Added connection org.postgresql.jdbc.PgConnection@7d28cdcd
2024-11-18T10:24:47.944-03:00  INFO 15224 --- [jpa] [main] com.zaxxer.hikari.HikariDataSource       : HikariPool-1 - Start completed.
2024-11-18T10:24:49.263-03:00  INFO 15224 --- [jpa] [main] o.h.e.t.j.p.i.JtaPlatformInitiator       : HHH000489: No JTA platform available (set 'hibernate.transaction.jta.platform' to enable JTA platform integration)
2024-11-18T10:24:49.373-03:00  INFO 15224 --- [jpa] [main] j.LocalContainerEntityManagerFactoryBean : Initialized JPA EntityManagerFactory for persistence unit 'default'
2024-11-18T10:24:50.143-03:00  INFO 15224 --- [jpa] [main] o.s.d.j.r.query.QueryEnhancerFactory     : Hibernate is in classpath; If applicable, HQL parser will be used.
2024-11-18T10:24:51.548-03:00  WARN 15224 --- [jpa] [main] JpaBaseConfiguration$JpaWebConfiguration : spring.jpa.open-in-view is enabled by default. Therefore, database queries may be performed during view rendering. Explicitly configure spring.jpa.open-in-view to disable this warning
2024-11-18T10:24:52.875-03:00  INFO 15224 --- [jpa] [main] o.s.b.w.embedded.tomcat.TomcatWebServer  : Tomcat started on port 8080 (http) with context path '/bookstore'
2024-11-18T10:24:52.901-03:00  INFO 15224 --- [jpa] [main] com.bookstore.jpa.JpaApplication         : Started JpaApplication in 8.431 seconds (process running for 9.196)
2024-11-18T12:30:57.655-03:00  INFO 15224 --- [jpa] [http-nio-8080-exec-1] o.a.c.c.C.[.[localhost].[/bookstore]     : Initializing Spring DispatcherServlet 'dispatcherServlet'
2024-11-18T12:30:57.659-03:00  INFO 15224 --- [jpa] [http-nio-8080-exec-1] o.s.web.servlet.DispatcherServlet        : Initializing Servlet 'dispatcherServlet'
2024-11-18T12:30:57.667-03:00  INFO 15224 --- [jpa] [http-nio-8080-exec-1] o.s.web.servlet.DispatcherServlet        : Completed initialization in 7 ms
2024-11-18T14:13:19.621-03:00  INFO 15224 --- [jpa] [SpringApplicationShutdownHook] j.LocalContainerEntityManagerFactoryBean : Closing JPA EntityManagerFactory for persistence unit 'default'
2024-11-18T14:13:19.762-03:00  INFO 15224 --- [jpa] [SpringApplicationShutdownHook] com.zaxxer.hikari.HikariDataSource       : HikariPool-1 - Shutdown initiated...
2024-11-18T14:13:19.789-03:00  INFO 15224 --- [jpa] [SpringApplicationShutdownHook] com.zaxxer.hikari.HikariDataSource       : HikariPool-1 - Shutdown completed.
2024-11-18T14:16:00.278-03:00  INFO 23048 --- [jpa] [main] com.bookstore.jpa.JpaApplication         : Starting JpaApplication using Java 23 with PID 23048 (E:\PROJETOS JAVA\jpa\jpa\target\classes started by iosfa in E:\PROJETOS JAVA\jpa)
2024-11-18T14:16:00.280-03:00  INFO 23048 --- [jpa] [main] com.bookstore.jpa.JpaApplication         : No active profile set, falling back to 1 default profile: "default"
2024-11-18T14:16:02.281-03:00  INFO 23048 --- [jpa] [main] .s.d.r.c.RepositoryConfigurationDelegate : Bootstrapping Spring Data JPA repositories in DEFAULT mode.
2024-11-18T14:16:02.374-03:00  INFO 23048 --- [jpa] [main] .s.d.r.c.RepositoryConfigurationDelegate : Finished Spring Data repository scanning in 80 ms. Found 4 JPA repository interfaces.
2024-11-18T14:16:02.639-03:00  INFO 23048 --- [jpa] [main] o.s.cloud.context.scope.GenericScope     : BeanFactory id=94de89f8-da8e-3a20-bb82-58929762958f
2024-11-18T14:16:03.222-03:00  INFO 23048 --- [jpa] [main] o.s.b.w.embedded.tomcat.TomcatWebServer  : Tomcat initialized with port 8080 (http)
2024-11-18T14:16:03.242-03:00  INFO 23048 --- [jpa] [main] o.apache.catalina.core.StandardService   : Starting service [Tomcat]
2024-11-18T14:16:03.243-03:00  INFO 23048 --- [jpa] [main] o.apache.catalina.core.StandardEngine    : Starting Servlet engine: [Apache Tomcat/10.1.30]
2024-11-18T14:16:03.354-03:00  INFO 23048 --- [jpa] [main] o.a.c.c.C.[.[localhost].[/bookstore]     : Initializing Spring embedded WebApplicationContext
2024-11-18T14:16:03.372-03:00  INFO 23048 --- [jpa] [main] w.s.c.ServletWebServerApplicationContext : Root WebApplicationContext: initialization completed in 2916 ms
2024-11-18T14:16:03.699-03:00  INFO 23048 --- [jpa] [main] o.hibernate.jpa.internal.util.LogHelper  : HHH000204: Processing PersistenceUnitInfo [name: default]
2024-11-18T14:16:03.836-03:00  INFO 23048 --- [jpa] [main] org.hibernate.Version                    : HHH000412: Hibernate ORM core version 6.5.3.Final
2024-11-18T14:16:03.929-03:00  INFO 23048 --- [jpa] [main] o.h.c.internal.RegionFactoryInitiator    : HHH000026: Second-level cache disabled
2024-11-18T14:16:04.508-03:00  INFO 23048 --- [jpa] [main] o.s.o.j.p.SpringPersistenceUnitInfo      : No LoadTimeWeaver setup: ignoring JPA class transformer
2024-11-18T14:16:04.563-03:00  INFO 23048 --- [jpa] [main] com.zaxxer.hikari.HikariDataSource       : HikariPool-1 - Starting...
2024-11-18T14:16:04.889-03:00  INFO 23048 --- [jpa] [main] com.zaxxer.hikari.pool.HikariPool        : HikariPool-1 - Added connection org.postgresql.jdbc.PgConnection@1182d1df
2024-11-18T14:16:04.891-03:00  INFO 23048 --- [jpa] [main] com.zaxxer.hikari.HikariDataSource       : HikariPool-1 - Start completed.
2024-11-18T14:16:06.511-03:00  INFO 23048 --- [jpa] [main] o.h.e.t.j.p.i.JtaPlatformInitiator       : HHH000489: No JTA platform available (set 'hibernate.transaction.jta.platform' to enable JTA platform integration)
2024-11-18T14:16:06.820-03:00  INFO 23048 --- [jpa] [main] j.LocalContainerEntityManagerFactoryBean : Initialized JPA EntityManagerFactory for persistence unit 'default'
2024-11-18T14:16:07.393-03:00  INFO 23048 --- [jpa] [main] o.s.d.j.r.query.QueryEnhancerFactory     : Hibernate is in classpath; If applicable, HQL parser will be used.
2024-11-18T14:16:08.699-03:00  WARN 23048 --- [jpa] [main] JpaBaseConfiguration$JpaWebConfiguration : spring.jpa.open-in-view is enabled by default. Therefore, database queries may be performed during view rendering. Explicitly configure spring.jpa.open-in-view to disable this warning
2024-11-18T14:16:09.896-03:00  INFO 23048 --- [jpa] [main] o.s.b.w.embedded.tomcat.TomcatWebServer  : Tomcat started on port 8080 (http) with context path '/bookstore'
2024-11-18T14:16:09.920-03:00  INFO 23048 --- [jpa] [main] com.bookstore.jpa.JpaApplication         : Started JpaApplication in 10.468 seconds (process running for 11.44)
2024-11-18T14:16:10.051-03:00  INFO 23048 --- [jpa] [http-nio-8080-exec-1] o.a.c.c.C.[.[localhost].[/bookstore]     : Initializing Spring DispatcherServlet 'dispatcherServlet'
2024-11-18T14:16:10.052-03:00  INFO 23048 --- [jpa] [http-nio-8080-exec-1] o.s.web.servlet.DispatcherServlet        : Initializing Servlet 'dispatcherServlet'
2024-11-18T14:16:10.054-03:00  INFO 23048 --- [jpa] [http-nio-8080-exec-1] o.s.web.servlet.DispatcherServlet        : Completed initialization in 2 ms
2024-11-18T14:16:53.707-03:00  WARN 23048 --- [jpa] [http-nio-8080-exec-9] .w.s.m.s.DefaultHandlerExceptionResolver : Resolved [org.springframework.web.HttpRequestMethodNotSupportedException: Request method 'GET' is not supported]
2024-11-18T14:17:24.772-03:00  INFO 23048 --- [jpa] [SpringApplicationShutdownHook] j.LocalContainerEntityManagerFactoryBean : Closing JPA EntityManagerFactory for persistence unit 'default'
2024-11-18T14:17:24.774-03:00  INFO 23048 --- [jpa] [SpringApplicationShutdownHook] com.zaxxer.hikari.HikariDataSource       : HikariPool-1 - Shutdown initiated...
2024-11-18T14:17:24.783-03:00  INFO 23048 --- [jpa] [SpringApplicationShutdownHook] com.zaxxer.hikari.HikariDataSource       : HikariPool-1 - Shutdown completed.
